<?xml version="1.0" encoding="UTF-8"?>
<coverage generated="1704347601594" clover="3.2.0">
  <project timestamp="1704347601595" name="All files">
    <metrics statements="11" coveredstatements="10" conditionals="2" coveredconditionals="0" methods="1" coveredmethods="1" elements="14" coveredelements="11" complexity="0" loc="11" ncloc="11" packages="1" files="1" classes="1"/>
    <file name="facebookApiInteraction.ts" path="/Users/chanceneihouse/Library/Mobile Documents/com~apple~CloudDocs/GitHub/fle/fle/FLE-Project/src/facebookApiInteraction.ts">
      <metrics statements="11" coveredstatements="10" conditionals="2" coveredconditionals="0" methods="1" coveredmethods="1"/>
      <line num="1" count="1" type="stmt"/>
      <line num="2" count="1" type="stmt"/>
      <line num="4" count="1" type="stmt"/>
      <line num="7" count="2" type="stmt"/>
      <line num="8" count="2" type="stmt"/>
      <line num="10" count="2" type="stmt"/>
      <line num="11" count="2" type="stmt"/>
      <line num="12" count="2" type="stmt"/>
      <line num="13" count="2" type="stmt"/>
      <line num="15" count="0" type="stmt"/>
      <line num="22" count="1" type="stmt"/>
    </file>
  </project>
</coverage>
