{"/Users/chanceneihouse/Library/Mobile Documents/com~apple~CloudDocs/GitHub/fle/fle/FLE-Project/src/facebookApiInteraction.ts": {"path":"/Users/chanceneihouse/Library/Mobile Documents/com~apple~CloudDocs/GitHub/fle/fle/FLE-Project/src/facebookApiInteraction.ts","statementMap":{"0":{"start":{"line":1,"column":0},"end":{"line":1,"column":26}},"1":{"start":{"line":2,"column":0},"end":{"line":2,"column":28}},"2":{"start":{"line":4,"column":0},"end":{"line":4,"column":16}},"3":{"start":{"line":7,"column":22},"end":{"line":7,"column":55}},"4":{"start":{"line":8,"column":14},"end":{"line":8,"column":93}},"5":{"start":{"line":10,"column":2},"end":{"line":19,"column":3}},"6":{"start":{"line":11,"column":21},"end":{"line":11,"column":41}},"7":{"start":{"line":12,"column":4},"end":{"line":12,"column":63}},"8":{"start":{"line":13,"column":4},"end":{"line":13,"column":25}},"9":{"start":{"line":15,"column":4},"end":{"line":18,"column":6}},"10":{"start":{"line":22,"column":0},"end":{"line":22,"column":31}}},"fnMap":{"0":{"name":"getFacebookData","decl":{"start":{"line":6,"column":15},"end":{"line":6,"column":30}},"loc":{"start":{"line":6,"column":30},"end":{"line":20,"column":1}}}},"branchMap":{"0":{"loc":{"start":{"line":17,"column":6},"end":{"line":17,"column":52}},"type":"cond-expr","locations":[{"start":{"line":17,"column":31},"end":{"line":17,"column":44}},{"start":{"line":17,"column":47},"end":{"line":17,"column":52}}]}},"s":{"0":1,"1":1,"2":1,"3":2,"4":2,"5":2,"6":2,"7":2,"8":2,"9":0,"10":1},"f":{"0":2},"b":{"0":[0,0]}}
}
