TN:
SF:src/facebookApiInteraction.js
FN:4,getFacebookData
FNF:1
FNH:1
FNDA:1,getFacebookData
DA:1,1
DA:2,1
DA:5,1
DA:6,1
DA:8,1
DA:9,1
DA:10,1
DA:11,1
DA:13,0
DA:17,1
LF:10
LH:9
BRF:0
BRH:0
end_of_record
TN:
SF:src/webCrawler.js
FN:4,(anonymous_0)
FN:8,(anonymous_1)
FNF:2
FNH:2
FNDA:2,(anonymous_0)
FNDA:1,(anonymous_1)
DA:1,1
DA:5,2
DA:9,1
DA:10,0
DA:11,0
DA:14,1
DA:16,1
DA:17,1
DA:18,1
DA:20,1
DA:21,0
DA:22,0
DA:23,0
DA:24,0
DA:26,1
DA:27,1
DA:30,0
DA:31,0
DA:36,1
LF:19
LH:11
BRDA:8,0,0,1
BRDA:9,1,0,0
BRDA:9,1,1,1
BRDA:20,2,0,0
BRDA:20,2,1,1
BRDA:22,3,0,0
BRDA:22,3,1,0
BRF:7
BRH:3
end_of_record
